INFO  [2017-09-24 08:02:35,014] org.eclipse.jetty.util.log: Logging initialized @5476ms to org.eclipse.jetty.util.log.Slf4jLog
INFO  [2017-09-24 08:02:35,260] io.dropwizard.server.DefaultServerFactory: Registering jersey handler with root path prefix: /
INFO  [2017-09-24 08:02:35,263] io.dropwizard.server.DefaultServerFactory: Registering admin handler with root path prefix: /
INFO  [2017-09-24 08:02:35,266] io.dropwizard.assets.AssetsBundle: Registering AssetBundle with name: assets for path /assets/*
INFO  [2017-09-24 08:02:35,432] io.dropwizard.hibernate.SessionFactoryFactory: Entity classes: [com.example.helloworld.core.Person]
INFO  [2017-09-24 08:02:35,514] org.hibernate.dialect.Dialect: HHH000400: Using dialect: org.hibernate.dialect.H2Dialect
INFO  [2017-09-24 08:02:35,534] org.hibernate.type.BasicTypeRegistry: HHH000270: Type registration [java.util.Currency] overrides previous : org.hibernate.type.CurrencyType@747edf66
INFO  [2017-09-24 08:02:35,538] org.hibernate.type.BasicTypeRegistry: HHH000270: Type registration [java.time.Duration] overrides previous : org.hibernate.type.DurationType@609db43b
INFO  [2017-09-24 08:02:35,538] org.hibernate.type.BasicTypeRegistry: HHH000270: Type registration [java.time.Instant] overrides previous : org.hibernate.type.InstantType@53aad5d5
INFO  [2017-09-24 08:02:35,539] org.hibernate.type.BasicTypeRegistry: HHH000270: Type registration [java.time.LocalDate] overrides previous : org.hibernate.type.LocalDateType@f381794
INFO  [2017-09-24 08:02:35,539] org.hibernate.type.BasicTypeRegistry: HHH000270: Type registration [java.time.LocalDateTime] overrides previous : org.hibernate.type.LocalDateTimeType@5f683daf
INFO  [2017-09-24 08:02:35,539] org.hibernate.type.BasicTypeRegistry: HHH000270: Type registration [java.time.LocalTime] overrides previous : org.hibernate.type.LocalTimeType@152aa092
INFO  [2017-09-24 08:02:35,540] org.hibernate.type.BasicTypeRegistry: HHH000270: Type registration [java.time.OffsetDateTime] overrides previous : org.hibernate.type.OffsetDateTimeType@4e268090
INFO  [2017-09-24 08:02:35,540] org.hibernate.type.BasicTypeRegistry: HHH000270: Type registration [java.time.OffsetTime] overrides previous : org.hibernate.type.OffsetTimeType@5939a379
INFO  [2017-09-24 08:02:35,540] org.hibernate.type.BasicTypeRegistry: HHH000270: Type registration [java.time.ZonedDateTime] overrides previous : org.hibernate.type.ZonedDateTimeType@366647c2
INFO  [2017-09-24 08:02:35,548] org.hibernate.hql.internal.QueryTranslatorFactoryInitiator: HHH000397: Using ASTQueryTranslatorFactory
INFO  [2017-09-24 08:02:35,603] io.dropwizard.server.ServerFactory: Starting hello-world
                           web-scale hello world dP for the web
                                                 88
  .d8888b. dP.  .dP .d8888b. 88d8b.d8b. 88d888b. 88 .d8888b.
  88ooood8  `8bd8'  88'  `88 88'`88'`88 88'  `88 88 88ooood8
  88.  ...  .d88b.  88.  .88 88  88  88 88.  .88 88 88.  ...
  `88888P' dP'  `dP `88888P8 dP  dP  dP 88Y888P' dP `88888P'
                                        88
                                        dP

INFO  [2017-09-24 08:02:35,874] org.eclipse.jetty.setuid.SetUIDListener: Opened application@333a44f2{HTTP/1.1,[http/1.1]}{0.0.0.0:50184}
INFO  [2017-09-24 08:02:35,874] org.eclipse.jetty.setuid.SetUIDListener: Opened admin@2c668c2a{HTTP/1.1,[http/1.1]}{0.0.0.0:50185}
INFO  [2017-09-24 08:02:35,877] org.eclipse.jetty.server.Server: jetty-9.4.7.v20170914
INFO  [2017-09-24 08:02:37,957] io.dropwizard.jersey.DropwizardResourceConfig: The following paths were found for the configured resources:

    GET     /filtered/hello (com.example.helloworld.resources.FilteredResource)
    GET     /hello-world (com.example.helloworld.resources.HelloWorldResource)
    POST    /hello-world (com.example.helloworld.resources.HelloWorldResource)
    GET     /hello-world/date (com.example.helloworld.resources.HelloWorldResource)
    GET     /people (com.example.helloworld.resources.PeopleResource)
    POST    /people (com.example.helloworld.resources.PeopleResource)
    GET     /people/{personId} (com.example.helloworld.resources.PersonResource)
    GET     /people/{personId}/view_freemarker (com.example.helloworld.resources.PersonResource)
    GET     /people/{personId}/view_mustache (com.example.helloworld.resources.PersonResource)
    GET     /protected (com.example.helloworld.resources.ProtectedResource)
    GET     /protected/admin (com.example.helloworld.resources.ProtectedResource)
    GET     /views/iso88591.ftl (com.example.helloworld.resources.ViewResource)
    GET     /views/iso88591.mustache (com.example.helloworld.resources.ViewResource)
    GET     /views/utf8.ftl (com.example.helloworld.resources.ViewResource)
    GET     /views/utf8.mustache (com.example.helloworld.resources.ViewResource)

INFO  [2017-09-24 08:02:37,959] org.eclipse.jetty.server.handler.ContextHandler: Started i.d.j.MutableServletContextHandler@175957b6{/,null,AVAILABLE}
INFO  [2017-09-24 08:02:37,963] io.dropwizard.setup.AdminEnvironment: tasks = 

    POST    /tasks/echo (com.example.helloworld.tasks.EchoTask)
    POST    /tasks/log-level (io.dropwizard.servlets.tasks.LogConfigurationTask)
    POST    /tasks/gc (io.dropwizard.servlets.tasks.GarbageCollectionTask)

INFO  [2017-09-24 08:02:37,972] org.eclipse.jetty.server.handler.ContextHandler: Started i.d.j.MutableServletContextHandler@c89e263{/,null,AVAILABLE}
INFO  [2017-09-24 08:02:37,989] org.eclipse.jetty.server.AbstractConnector: Started application@333a44f2{HTTP/1.1,[http/1.1]}{0.0.0.0:50184}
INFO  [2017-09-24 08:02:37,990] org.eclipse.jetty.server.AbstractConnector: Started admin@2c668c2a{HTTP/1.1,[http/1.1]}{0.0.0.0:50185}
INFO  [2017-09-24 08:02:37,991] org.eclipse.jetty.server.Server: Started @8452ms
INFO  [2017-09-24 08:02:39,258] liquibase: Successfully acquired change log lock
INFO  [2017-09-24 08:02:40,723] liquibase: Creating database history table with name: PUBLIC.DATABASECHANGELOG
INFO  [2017-09-24 08:02:40,727] liquibase: Reading from PUBLIC.DATABASECHANGELOG
INFO  [2017-09-24 08:02:40,761] liquibase: migrations.xml: migrations.xml::1::codahale: Table people created
INFO  [2017-09-24 08:02:40,761] liquibase: migrations.xml: migrations.xml::1::codahale: ChangeSet migrations.xml::1::codahale ran successfully in 7ms
INFO  [2017-09-24 08:02:40,781] liquibase: Successfully released change log lock
INFO  [2017-09-24 08:02:41,630] org.hibernate.engine.internal.StatisticalLoggingSessionEventListener: Session Metrics {
    72106 nanoseconds spent acquiring 2 JDBC connections;
    61013 nanoseconds spent releasing 2 JDBC connections;
    7862613 nanoseconds spent preparing 1 JDBC statements;
    1503147 nanoseconds spent executing 1 JDBC statements;
    0 nanoseconds spent executing 0 JDBC batches;
    0 nanoseconds spent performing 0 L2C puts;
    0 nanoseconds spent performing 0 L2C hits;
    0 nanoseconds spent performing 0 L2C misses;
    143360 nanoseconds spent executing 1 flushes (flushing a total of 1 entities and 0 collections);
    0 nanoseconds spent executing 0 partial-flushes (flushing a total of 0 entities and 0 collections)
}
INFO  [2017-09-24 08:02:41,694] org.eclipse.jetty.server.AbstractConnector: Stopped application@333a44f2{HTTP/1.1,[http/1.1]}{0.0.0.0:0}
INFO  [2017-09-24 08:02:41,694] org.eclipse.jetty.server.AbstractConnector: Stopped admin@2c668c2a{HTTP/1.1,[http/1.1]}{0.0.0.0:0}
INFO  [2017-09-24 08:02:41,696] org.eclipse.jetty.server.handler.ContextHandler: Stopped i.d.j.MutableServletContextHandler@c89e263{/,null,UNAVAILABLE}
INFO  [2017-09-24 08:02:41,702] org.eclipse.jetty.server.handler.ContextHandler: Stopped i.d.j.MutableServletContextHandler@175957b6{/,null,UNAVAILABLE}
